<?xml version="1.0" encoding="UTF-8"?>
<testng-results skipped="0" failed="0" ignored="2" total="3" passed="1">
  <reporter-output>
  </reporter-output>
  <suite name="Default suite" duration-ms="46" started-at="2021-11-26T11:19:19 IST" finished-at="2021-11-26T11:19:19 IST">
    <groups>
    </groups>
    <test name="Default test" duration-ms="46" started-at="2021-11-26T11:19:19 IST" finished-at="2021-11-26T11:19:19 IST">
      <class name="testngsamples.Sample4">
        <test-method status="PASS" signature="blogIn()[pri:0, instance:testngsamples.Sample4@48503868]" name="blogIn" duration-ms="8" started-at="2021-11-26T11:19:19 IST" finished-at="2021-11-26T11:19:19 IST">
          <reporter-output>
          </reporter-output>
        </test-method> <!-- blogIn -->
      </class> <!-- testngsamples.Sample4 -->
    </test> <!-- Default test -->
  </suite> <!-- Default suite -->
</testng-results>
