<?xml version="1.0" encoding="UTF-8"?>
<!-- Generated by org.testng.reporters.JUnitXMLReporter -->
<testsuite hostname="DESKTOP-6PJC0F0" ignored="2" name="Default test" tests="1" failures="0" timestamp="2021-11-26T11:19:19 IST" time="0.046" errors="0">
  <testcase name="blogIn" time="0.008" classname="testngsamples.Sample4"/>
  <testcase name="asighnUp" time="0.0" classname="testngsamples.Sample4">
    <ignored/>
  </testcase> <!-- asighnUp -->
  <testcase name="compose" time="0.0" classname="testngsamples.Sample4">
    <ignored/>
  </testcase> <!-- compose -->
</testsuite> <!-- Default test -->
